<?xml version="1.0" encoding="UTF-8"?>
<testng-results ignored="0" total="2" passed="1" failed="1" skipped="0">
  <reporter-output>
  </reporter-output>
  <suite started-at="2023-12-08T12:33:29 IST" name="Default suite" finished-at="2023-12-08T12:36:41 IST" duration-ms="191811">
    <groups>
    </groups>
    <test started-at="2023-12-08T12:33:29 IST" name="Default test" finished-at="2023-12-08T12:36:41 IST" duration-ms="191811">
      <class name="Arla.AutomationMaven.RentalAgreementTest">
        <test-method is-config="true" signature="setup()[pri:0, instance:Arla.AutomationMaven.RentalAgreementTest@36916eb0]" started-at="2023-12-08T12:33:29 IST" name="setup" finished-at="2023-12-08T12:33:46 IST" duration-ms="17382" status="PASS">
          <reporter-output>
          </reporter-output>
        </test-method> <!-- setup -->
        <test-method signature="RentalAgreementImport(java.lang.String,java.lang.String,java.lang.String,java.lang.String,java.lang.String,java.lang.String,java.lang.String)[pri:0, instance:Arla.AutomationMaven.RentalAgreementTest@36916eb0]" started-at="2023-12-08T12:33:46 IST" name="RentalAgreementImport" data-provider="RentalAgreement" finished-at="2023-12-08T12:34:59 IST" duration-ms="72689" status="FAIL">
          <params>
            <param index="0">
              <value>
                <![CDATA[RentalAgreement]]>
              </value>
            </param>
            <param index="1">
              <value>
                <![CDATA[96610346]]>
              </value>
            </param>
            <param index="2">
              <value>
                <![CDATA[Jan 1, 2023]]>
              </value>
            </param>
            <param index="3">
              <value>
                <![CDATA[10039690]]>
              </value>
            </param>
            <param index="4">
              <value>
                <![CDATA[1234]]>
              </value>
            </param>
            <param index="5">
              <value>
                <![CDATA[December]]>
              </value>
            </param>
            <param index="6">
              <value>
                <![CDATA[practice7]]>
              </value>
            </param>
          </params>
          <exception class="org.openqa.selenium.NoSuchElementException">
            <message>
              <![CDATA[no such element: Unable to locate element: {"method":"xpath","selector":"//img[contains(@id,'cphContent_gvItemBranchPrice_imgItems_')]"}
  (Session info: chrome=119.0.6045.200)
For documentation on this error, please visit: https://www.selenium.dev/documentation/webdriver/troubleshooting/errors#no-such-element-exception
Build info: version: '4.15.0', revision: '1d14b5521b'
System info: os.name: 'Windows 10', os.arch: 'amd64', os.version: '10.0', java.version: '17.0.9'
Driver info: org.openqa.selenium.chrome.ChromeDriver
Command: [4804d8e9879f476d846d81a53e9f6ad6, findChildElement {id=DCD0C93B3759F44D1B83139ABE469C3C_element_31081, using=xpath, value=//img[contains(@id,'cphContent_gvItemBranchPrice_imgItems_')]}]
Capabilities {acceptInsecureCerts: false, browserName: chrome, browserVersion: 119.0.6045.200, chrome: {chromedriverVersion: 119.0.6045.105 (38c72552c5e..., userDataDir: C:\Users\winit\AppData\Loca...}, fedcm:accounts: true, goog:chromeOptions: {debuggerAddress: localhost:55436}, networkConnectionEnabled: false, pageLoadStrategy: normal, platformName: windows, proxy: Proxy(), se:cdp: ws://localhost:55436/devtoo..., se:cdpVersion: 119.0.6045.200, setWindowRect: true, strictFileInteractability: false, timeouts: {implicit: 0, pageLoad: 300000, script: 30000}, unhandledPromptBehavior: dismiss and notify, webauthn:extension:credBlob: true, webauthn:extension:largeBlob: true, webauthn:extension:minPinLength: true, webauthn:extension:prf: true, webauthn:virtualAuthenticators: true}
Session ID: 4804d8e9879f476d846d81a53e9f6ad6]]>
            </message>
            <full-stacktrace>
              <![CDATA[org.openqa.selenium.NoSuchElementException: no such element: Unable to locate element: {"method":"xpath","selector":"//img[contains(@id,'cphContent_gvItemBranchPrice_imgItems_')]"}
  (Session info: chrome=119.0.6045.200)
For documentation on this error, please visit: https://www.selenium.dev/documentation/webdriver/troubleshooting/errors#no-such-element-exception
Build info: version: '4.15.0', revision: '1d14b5521b'
System info: os.name: 'Windows 10', os.arch: 'amd64', os.version: '10.0', java.version: '17.0.9'
Driver info: org.openqa.selenium.chrome.ChromeDriver
Command: [4804d8e9879f476d846d81a53e9f6ad6, findChildElement {id=DCD0C93B3759F44D1B83139ABE469C3C_element_31081, using=xpath, value=//img[contains(@id,'cphContent_gvItemBranchPrice_imgItems_')]}]
Capabilities {acceptInsecureCerts: false, browserName: chrome, browserVersion: 119.0.6045.200, chrome: {chromedriverVersion: 119.0.6045.105 (38c72552c5e..., userDataDir: C:\Users\winit\AppData\Loca...}, fedcm:accounts: true, goog:chromeOptions: {debuggerAddress: localhost:55436}, networkConnectionEnabled: false, pageLoadStrategy: normal, platformName: windows, proxy: Proxy(), se:cdp: ws://localhost:55436/devtoo..., se:cdpVersion: 119.0.6045.200, setWindowRect: true, strictFileInteractability: false, timeouts: {implicit: 0, pageLoad: 300000, script: 30000}, unhandledPromptBehavior: dismiss and notify, webauthn:extension:credBlob: true, webauthn:extension:largeBlob: true, webauthn:extension:minPinLength: true, webauthn:extension:prf: true, webauthn:virtualAuthenticators: true}
Session ID: 4804d8e9879f476d846d81a53e9f6ad6
at java.base/jdk.internal.reflect.NativeConstructorAccessorImpl.newInstance0(Native Method)
at java.base/jdk.internal.reflect.NativeConstructorAccessorImpl.newInstance(NativeConstructorAccessorImpl.java:77)
at java.base/jdk.internal.reflect.DelegatingConstructorAccessorImpl.newInstance(DelegatingConstructorAccessorImpl.java:45)
at java.base/java.lang.reflect.Constructor.newInstanceWithCaller(Constructor.java:499)
at java.base/java.lang.reflect.Constructor.newInstance(Constructor.java:480)
at org.openqa.selenium.remote.codec.w3c.W3CHttpResponseCodec.createException(W3CHttpResponseCodec.java:200)
at org.openqa.selenium.remote.codec.w3c.W3CHttpResponseCodec.decode(W3CHttpResponseCodec.java:133)
at org.openqa.selenium.remote.codec.w3c.W3CHttpResponseCodec.decode(W3CHttpResponseCodec.java:52)
at org.openqa.selenium.remote.HttpCommandExecutor.execute(HttpCommandExecutor.java:191)
at org.openqa.selenium.remote.service.DriverCommandExecutor.invokeExecute(DriverCommandExecutor.java:200)
at org.openqa.selenium.remote.service.DriverCommandExecutor.execute(DriverCommandExecutor.java:175)
at org.openqa.selenium.remote.RemoteWebDriver.execute(RemoteWebDriver.java:607)
at org.openqa.selenium.remote.ElementLocation$ElementFinder$2.findElement(ElementLocation.java:165)
at org.openqa.selenium.remote.ElementLocation.findElement(ElementLocation.java:59)
at org.openqa.selenium.remote.RemoteWebDriver.findElement(RemoteWebDriver.java:364)
at org.openqa.selenium.remote.RemoteWebElement.findElement(RemoteWebElement.java:212)
at PageObjects.RentalAgreementPage.PendingToFirstLevelApprove(RentalAgreementPage.java:120)
at Arla.AutomationMaven.RentalAgreementTest.RentalAgreementImport(RentalAgreementTest.java:40)
at java.base/jdk.internal.reflect.NativeMethodAccessorImpl.invoke0(Native Method)
at java.base/jdk.internal.reflect.NativeMethodAccessorImpl.invoke(NativeMethodAccessorImpl.java:77)
at java.base/jdk.internal.reflect.DelegatingMethodAccessorImpl.invoke(DelegatingMethodAccessorImpl.java:43)
at java.base/java.lang.reflect.Method.invoke(Method.java:568)
at org.testng.internal.MethodInvocationHelper.invokeMethod(MethodInvocationHelper.java:133)
at org.testng.internal.TestInvoker.invokeMethod(TestInvoker.java:598)
at org.testng.internal.TestInvoker.invokeTestMethod(TestInvoker.java:173)
at org.testng.internal.MethodRunner.runInSequence(MethodRunner.java:46)
at org.testng.internal.TestInvoker$MethodInvocationAgent.invoke(TestInvoker.java:824)
at org.testng.internal.TestInvoker.invokeTestMethods(TestInvoker.java:146)
at org.testng.internal.TestMethodWorker.invokeTestMethods(TestMethodWorker.java:146)
at org.testng.internal.TestMethodWorker.run(TestMethodWorker.java:128)
at java.base/java.util.ArrayList.forEach(ArrayList.java:1511)
at org.testng.TestRunner.privateRun(TestRunner.java:794)
at org.testng.TestRunner.run(TestRunner.java:596)
at org.testng.SuiteRunner.runTest(SuiteRunner.java:377)
at org.testng.SuiteRunner.runSequentially(SuiteRunner.java:371)
at org.testng.SuiteRunner.privateRun(SuiteRunner.java:332)
at org.testng.SuiteRunner.run(SuiteRunner.java:276)
at org.testng.SuiteRunnerWorker.runSuite(SuiteRunnerWorker.java:53)
at org.testng.SuiteRunnerWorker.run(SuiteRunnerWorker.java:96)
at org.testng.TestNG.runSuitesSequentially(TestNG.java:1212)
at org.testng.TestNG.runSuitesLocally(TestNG.java:1134)
at org.testng.TestNG.runSuites(TestNG.java:1063)
at org.testng.TestNG.run(TestNG.java:1031)
at org.testng.remote.AbstractRemoteTestNG.run(AbstractRemoteTestNG.java:115)
at org.testng.remote.RemoteTestNG.initAndRun(RemoteTestNG.java:251)
at org.testng.remote.RemoteTestNG.main(RemoteTestNG.java:77)
]]>
            </full-stacktrace>
          </exception> <!-- org.openqa.selenium.NoSuchElementException -->
          <reporter-output>
          </reporter-output>
        </test-method> <!-- RentalAgreementImport -->
        <test-method signature="RentalAgreementManual(java.lang.String,java.lang.String,java.lang.String,java.lang.String,java.lang.String,java.lang.String,java.lang.String,java.lang.String,java.lang.String,java.lang.String,java.lang.String,java.lang.String)[pri:0, instance:Arla.AutomationMaven.RentalAgreementTest@36916eb0]" started-at="2023-12-08T12:34:59 IST" name="RentalAgreementManual" data-provider="RentalAgreementManual" finished-at="2023-12-08T12:36:41 IST" duration-ms="101661" status="PASS">
          <params>
            <param index="0">
              <value>
                <![CDATA[96602223]]>
              </value>
            </param>
            <param index="1">
              <value>
                <![CDATA[Lurpak Cooler]]>
              </value>
            </param>
            <param index="2">
              <value>
                <![CDATA[1]]>
              </value>
            </param>
            <param index="3">
              <value>
                <![CDATA[64]]>
              </value>
            </param>
            <param index="4">
              <value>
                <![CDATA[10001]]>
              </value>
            </param>
            <param index="5">
              <value>
                <![CDATA[Space Rental]]>
              </value>
            </param>
            <param index="6">
              <value>
                <![CDATA[Yearly]]>
              </value>
            </param>
            <param index="7">
              <value>
                <![CDATA[Jan 1, 2023]]>
              </value>
            </param>
            <param index="8">
              <value>
                <![CDATA[10039690]]>
              </value>
            </param>
            <param index="9">
              <value>
                <![CDATA[1234]]>
              </value>
            </param>
            <param index="10">
              <value>
                <![CDATA[December]]>
              </value>
            </param>
            <param index="11">
              <value>
                <![CDATA[practice8]]>
              </value>
            </param>
          </params>
          <reporter-output>
          </reporter-output>
        </test-method> <!-- RentalAgreementManual -->
        <test-method is-config="true" signature="tearDown()[pri:0, instance:Arla.AutomationMaven.RentalAgreementTest@36916eb0]" started-at="2023-12-08T12:36:41 IST" name="tearDown" finished-at="2023-12-08T12:36:41 IST" duration-ms="1" status="PASS">
          <reporter-output>
          </reporter-output>
        </test-method> <!-- tearDown -->
      </class> <!-- Arla.AutomationMaven.RentalAgreementTest -->
    </test> <!-- Default test -->
  </suite> <!-- Default suite -->
</testng-results>
