<?xml version="1.0" encoding="UTF-8"?>
<!-- Generated by org.testng.reporters.JUnitXMLReporter -->
<testsuite ignored="1" hostname="DESKTOP-Q6J7IR2" failures="0" tests="2" name="Test" time="60.865" errors="0"
           timestamp="2023-12-07T16:51:38 IST">
    <testcase classname="Arla.AutomationMaven.UsersTest" name="AddVehicle" time="24.682"/>
    <testcase classname="Arla.AutomationMaven.UsersTest" name="AssignVehicles" time="20.49"/>
    <testcase classname="Arla.AutomationMaven.UsersTest" name="CreateUserManual" time="0.0">
        <ignored/>
    </testcase> <!-- CreateUserManual -->
</testsuite> <!-- Test -->
